Compilazione avviata 20/05/2012 21.44.17.
     1>Progetto "C:\Users\admin\LUGISIFA\Prove_WLAN\Prove_WLAN\Prove_WLAN.vcxproj" sul nodo 2 (destinazioni: build).
     1>InitializeBuildStatus:
         Creazione di "Debug\Prove_WLAN.unsuccessfulbuild". È stato specificato "AlwaysCreate".
       ClCompile:
         Tutti gli output sono aggiornati.
         Tutti gli output sono aggiornati.
       ResourceCompile:
         Tutti gli output sono aggiornati.
       ManifestResourceCompile:
         Tutti gli output sono aggiornati.
       Link:
         Tutti gli output sono aggiornati.
       Manifest:
         Tutti gli output sono aggiornati.
       FinalizeBuildStatus:
         Eliminazione del file "Debug\Prove_WLAN.unsuccessfulbuild" in corso.
         Aggiornamento timestamp di "Debug\Prove_WLAN.lastbuildstate".
     1>Compilazione progetto "C:\Users\admin\LUGISIFA\Prove_WLAN\Prove_WLAN\Prove_WLAN.vcxproj" (destinazioni: build) completata.

Compilazione completata.

Tempo trascorso 00:00:00.30
